#-----------------------------------------------------------
# Vivado v2016.2 (64-bit)
# SW Build 1577090 on Thu Jun  2 16:32:40 MDT 2016
# IP Build 1577682 on Fri Jun  3 12:00:54 MDT 2016
# Start of session at: Sun Aug 08 15:31:00 2021
# Process ID: 1708
# Current directory: C:/Xilinx/SHCodesign2021/gate3versions
# Command line: vivado.exe -gui_launcher_event rodinguilauncherevent412 C:\Xilinx\SHCodesign2021\gate3versions\gate3versions.xpr
# Log file: C:/Xilinx/SHCodesign2021/gate3versions/vivado.log
# Journal file: C:/Xilinx/SHCodesign2021/gate3versions\vivado.jou
#-----------------------------------------------------------
start_gui
open_project C:/Xilinx/SHCodesign2021/gate3versions/gate3versions.xpr
Scanning sources...
Finished scanning sources
INFO: [IP_Flow 19-234] Refreshing IP repositories
INFO: [IP_Flow 19-1704] No user IP repositories specified
INFO: [IP_Flow 19-2313] Loaded Vivado IP repository 'C:/Xilinx/Vivado/2016.2/data/ip'.
update_compile_order -fileset sources_1
exit
INFO: [Common 17-206] Exiting Vivado at Sun Aug 08 15:35:54 2021...
