#-----------------------------------------------------------
# Webtalk v2018.1 (64-bit)
# SW Build 2188600 on Wed Apr  4 18:40:38 MDT 2018
# 
# Start of session at: Sat Dec  5 16:56:24 2020
# Process ID: 16464
# Current directory: E:/Soc/Lab3/xup/embedded/2015_2_zynq_labs/lab2/lab2.sdk/webtalk
# Command line: wbtcv.exe -mode batch -source sdk_webtalk.tcl
# Log file: E:/Soc/Lab3/xup/embedded/2015_2_zynq_labs/lab2/lab2.sdk/webtalk/webtalk.log
# Journal file: E:/Soc/Lab3/xup/embedded/2015_2_zynq_labs/lab2/lab2.sdk/webtalk\webtalk.jou
#-----------------------------------------------------------
source sdk_webtalk.tcl
# webtalk_init -webtalk_dir E:\\Soc\\Lab3\\xup\\embedded\\2015_2_zynq_labs\\lab2\\lab2.sdk\\webtalk
# webtalk_register_client -client project
# webtalk_add_data -client project -key date_generated -value "2020-12-05 16:56:20" -context "software_version_and_target_device"
# webtalk_add_data -client project -key product_version -value "SDK v2018.1" -context "software_version_and_target_device"
# webtalk_add_data -client project -key build_version -value "2018.1" -context "software_version_and_target_device"
# webtalk_add_data -client project -key os_platform -value "amd64" -context "software_version_and_target_device"
# webtalk_add_data -client project -key registration_id -value "212091324_0_0_015" -context "software_version_and_target_device"
# webtalk_add_data -client project -key tool_flow -value "SDK" -context "software_version_and_target_device"
# webtalk_add_data -client project -key beta -value "false" -context "software_version_and_target_device"
# webtalk_add_data -client project -key route_design -value "NA" -context "software_version_and_target_device"
# webtalk_add_data -client project -key target_family -value "NA" -context "software_version_and_target_device"
# webtalk_add_data -client project -key target_device -value "NA" -context "software_version_and_target_device"
# webtalk_add_data -client project -key target_package -value "NA" -context "software_version_and_target_device"
# webtalk_add_data -client project -key target_speed -value "NA" -context "software_version_and_target_device"
# webtalk_add_data -client project -key random_id -value "sq3sgaq9ri0549ml0jbeioq2a8" -context "software_version_and_target_device"
# webtalk_add_data -client project -key project_id -value "2018.1_3" -context "software_version_and_target_device"
# webtalk_add_data -client project -key project_iteration -value "3" -context "software_version_and_target_device"
# webtalk_add_data -client project -key os_name -value "Microsoft Windows 8 or later , 64-bit" -context "user_environment"
# webtalk_add_data -client project -key os_release -value "major release  (build 9200)" -context "user_environment"
# webtalk_add_data -client project -key cpu_name -value "Intel(R) Core(TM) i7-5650U CPU @ 2.20GHz" -context "user_environment"
# webtalk_add_data -client project -key cpu_speed -value "2200 MHz" -context "user_environment"
# webtalk_add_data -client project -key total_processors -value "1" -context "user_environment"
# webtalk_add_data -client project -key system_ram -value "8.488 GB" -context "user_environment"
# webtalk_register_client -client sdk
# webtalk_add_data -client sdk -key uid -value "1607157200912" -context "sdk\\\\hardware/1607157200912"
# webtalk_add_data -client sdk -key isZynq -value "true" -context "sdk\\\\hardware/1607157200912"
# webtalk_add_data -client sdk -key isZynqMP -value "false" -context "sdk\\\\hardware/1607157200912"
# webtalk_add_data -client sdk -key Processors -value "2" -context "sdk\\\\hardware/1607157200912"
# webtalk_add_data -client sdk -key VivadoVersion -value "2018.1" -context "sdk\\\\hardware/1607157200912"
# webtalk_add_data -client sdk -key Arch -value "zynq" -context "sdk\\\\hardware/1607157200912"
# webtalk_add_data -client sdk -key Device -value "7z010" -context "sdk\\\\hardware/1607157200912"
# webtalk_add_data -client sdk -key IsHandoff -value "true" -context "sdk\\\\hardware/1607157200912"
# webtalk_add_data -client sdk -key os -value "NA" -context "sdk\\\\hardware/1607157200912"
# webtalk_add_data -client sdk -key apptemplate -value "NA" -context "sdk\\\\hardware/1607157200912"
# webtalk_add_data -client sdk -key RecordType -value "HWCreation" -context "sdk\\\\hardware/1607157200912"
# webtalk_add_data -client sdk -key uid -value "1607157404039" -context "sdk\\\\bsp/1607157404039"
# webtalk_add_data -client sdk -key hwid -value "1607157200912" -context "sdk\\\\bsp/1607157404039"
# webtalk_add_data -client sdk -key os -value "standalone" -context "sdk\\\\bsp/1607157404039"
# webtalk_add_data -client sdk -key apptemplate -value "null" -context "sdk\\\\bsp/1607157404039"
# webtalk_add_data -client sdk -key RecordType -value "BSPCreation" -context "sdk\\\\bsp/1607157404039"
# webtalk_add_data -client sdk -key uid -value "1607157559333" -context "sdk\\\\bsp/1607157559333"
# webtalk_add_data -client sdk -key hwid -value "1607157200912" -context "sdk\\\\bsp/1607157559333"
# webtalk_add_data -client sdk -key os -value "standalone" -context "sdk\\\\bsp/1607157559333"
# webtalk_add_data -client sdk -key apptemplate -value "null" -context "sdk\\\\bsp/1607157559333"
# webtalk_add_data -client sdk -key RecordType -value "BSPCreation" -context "sdk\\\\bsp/1607157559333"
# webtalk_add_data -client sdk -key uid -value "1607157692643" -context "sdk\\\\application/1607157692643"
# webtalk_add_data -client sdk -key hwid -value "1607157200912" -context "sdk\\\\application/1607157692643"
# webtalk_add_data -client sdk -key bspid -value "1607157559333" -context "sdk\\\\application/1607157692643"
# webtalk_add_data -client sdk -key newbsp -value "false" -context "sdk\\\\application/1607157692643"
# webtalk_add_data -client sdk -key os -value "standalone" -context "sdk\\\\application/1607157692643"
# webtalk_add_data -client sdk -key apptemplate -value "empty_application" -context "sdk\\\\application/1607157692643"
# webtalk_add_data -client sdk -key RecordType -value "APPCreation" -context "sdk\\\\application/1607157692643"
# webtalk_add_data -client sdk -key LangUsed -value "C" -context "sdk\\\\application/1607157692643"
# webtalk_add_data -client sdk -key Procused -value "ps7_cortexa9" -context "sdk\\\\application/1607157692643"
# webtalk_add_data -client sdk -key projSize -value "243.59375" -context "sdk\\\\application/1607157692643"
# webtalk_add_data -client sdk -key uid -value "NA" -context "sdk\\\\bsp/1607158580779"
# webtalk_add_data -client sdk -key RecordType -value "ToolUsage" -context "sdk\\\\bsp/1607158580779"
# webtalk_add_data -client sdk -key BootgenCount -value "0" -context "sdk\\\\bsp/1607158580779"
# webtalk_add_data -client sdk -key DebugCount -value "0" -context "sdk\\\\bsp/1607158580779"
# webtalk_add_data -client sdk -key PerfCount -value "0" -context "sdk\\\\bsp/1607158580779"
# webtalk_add_data -client sdk -key FlashCount -value "0" -context "sdk\\\\bsp/1607158580779"
# webtalk_add_data -client sdk -key CrossTriggCount -value "0" -context "sdk\\\\bsp/1607158580779"
# webtalk_add_data -client sdk -key QemuDebugCount -value "0" -context "sdk\\\\bsp/1607158580779"
# webtalk_transmit -clientid 1190338517 -regid "212091324_0_0_015" -xml E:\\Soc\\Lab3\\xup\\embedded\\2015_2_zynq_labs\\lab2\\lab2.sdk\\webtalk\\usage_statistics_ext_sdk.xml -html E:\\Soc\\Lab3\\xup\\embedded\\2015_2_zynq_labs\\lab2\\lab2.sdk\\webtalk\\usage_statistics_ext_sdk.html -wdm E:\\Soc\\Lab3\\xup\\embedded\\2015_2_zynq_labs\\lab2\\lab2.sdk\\webtalk\\sdk_webtalk.wdm -intro "<H3>SDK Usage Report</H3><BR>"
# webtalk_terminate
INFO: [Common 17-206] Exiting Webtalk at Sat Dec  5 16:56:28 2020...
