14:54:19 INFO  : Registering command handlers for SDK TCF services
14:54:22 INFO  : Launching XSCT server: xsct.bat -interactive E:\Soc\Lab3\xup\embedded\2015_2_zynq_labs\lab_1\lab_1.sdk\temp_xsdb_launch_script.tcl
14:54:27 INFO  : XSCT server has started successfully.
14:54:29 INFO  : Successfully done setting XSCT server connection channel  
14:54:29 INFO  : Successfully done setting SDK workspace  
14:54:29 INFO  : Processing command line option -hwspec E:/Soc/Lab3/xup/embedded/2015_2_zynq_labs/lab_1/lab_1.sdk/system_wrapper.hdf.
15:09:04 INFO  : Connected to target on host '127.0.0.1' and port '3121'.
15:09:04 INFO  : Jtag cable 'Digilent Zybo 210279A429B7A' is selected.
15:09:04 INFO  : 'jtag frequency' command is executed.
15:09:04 INFO  : Sourcing of 'E:/Soc/Lab3/xup/embedded/2015_2_zynq_labs/lab_1/lab_1.sdk/system_wrapper_hw_platform_0/ps7_init.tcl' is done.
15:09:04 INFO  : Context for 'APU' is selected.
15:09:05 INFO  : Hardware design information is loaded from 'E:/Soc/Lab3/xup/embedded/2015_2_zynq_labs/lab_1/lab_1.sdk/system_wrapper_hw_platform_0/system.hdf'.
15:09:05 INFO  : 'configparams force-mem-access 1' command is executed.
15:09:05 INFO  : Context for 'APU' is selected.
15:09:05 INFO  : 'stop' command is executed.
15:09:05 INFO  : 'ps7_init' command is executed.
15:09:05 INFO  : 'ps7_post_config' command is executed.
15:09:05 INFO  : Context for processor 'ps7_cortexa9_0' is selected.
15:09:05 INFO  : Processor reset is completed for 'ps7_cortexa9_0'.
15:09:05 INFO  : Context for processor 'ps7_cortexa9_0' is selected.
15:09:05 INFO  : The application 'E:/Soc/Lab3/xup/embedded/2015_2_zynq_labs/lab_1/lab_1.sdk/mem_test/Debug/mem_test.elf' is downloaded to processor 'ps7_cortexa9_0'.
15:09:05 INFO  : 'configparams force-mem-access 0' command is executed.
15:09:05 INFO  : ----------------XSDB Script----------------
connect -url tcp:127.0.0.1:3121
source E:/Soc/Lab3/xup/embedded/2015_2_zynq_labs/lab_1/lab_1.sdk/system_wrapper_hw_platform_0/ps7_init.tcl
targets -set -nocase -filter {name =~"APU*" && jtag_cable_name =~ "Digilent Zybo 210279A429B7A"} -index 0
loadhw -hw E:/Soc/Lab3/xup/embedded/2015_2_zynq_labs/lab_1/lab_1.sdk/system_wrapper_hw_platform_0/system.hdf -mem-ranges [list {0x40000000 0xbfffffff}]
configparams force-mem-access 1
targets -set -nocase -filter {name =~"APU*" && jtag_cable_name =~ "Digilent Zybo 210279A429B7A"} -index 0
stop
ps7_init
ps7_post_config
targets -set -nocase -filter {name =~ "ARM*#0" && jtag_cable_name =~ "Digilent Zybo 210279A429B7A"} -index 0
rst -processor
targets -set -nocase -filter {name =~ "ARM*#0" && jtag_cable_name =~ "Digilent Zybo 210279A429B7A"} -index 0
dow E:/Soc/Lab3/xup/embedded/2015_2_zynq_labs/lab_1/lab_1.sdk/mem_test/Debug/mem_test.elf
configparams force-mem-access 0
----------------End of Script----------------

15:09:05 INFO  : Context for processor 'ps7_cortexa9_0' is selected.
15:09:05 INFO  : 'con' command is executed.
15:09:05 INFO  : ----------------XSDB Script (After Launch)----------------
targets -set -nocase -filter {name =~ "ARM*#0" && jtag_cable_name =~ "Digilent Zybo 210279A429B7A"} -index 0
con
----------------End of Script----------------

15:09:05 INFO  : Disconnected from the channel tcfchan#1.
15:13:27 INFO  : Registering command handlers for SDK TCF services
15:13:28 INFO  : Launching XSCT server: xsct.bat -interactive E:\Soc\Lab3\xup\embedded\2015_2_zynq_labs\lab_1\lab_1.sdk\temp_xsdb_launch_script.tcl
15:13:33 INFO  : XSCT server has started successfully.
15:13:34 INFO  : Successfully done setting XSCT server connection channel  
15:13:34 INFO  : Successfully done setting SDK workspace  
15:13:34 INFO  : Processing command line option -hwspec E:/Soc/Lab3/xup/embedded/2015_2_zynq_labs/lab_1/lab_1.sdk/system_wrapper.hdf.
15:13:34 INFO  : Checking for hwspec changes in the project system_wrapper_hw_platform_0.
15:13:37 INFO  : SDK has detected change in the last modified timestamps for source hardware specification file Source:1607152331916,  Project:1606982712113
15:13:37 INFO  : The hardware specification for project 'system_wrapper_hw_platform_0' is different from E:/Soc/Lab3/xup/embedded/2015_2_zynq_labs/lab_1/lab_1.sdk/system_wrapper.hdf.
15:13:38 INFO  : Copied contents of E:/Soc/Lab3/xup/embedded/2015_2_zynq_labs/lab_1/lab_1.sdk/system_wrapper.hdf into \system_wrapper_hw_platform_0\system.hdf.
15:13:40 INFO  : Synchronizing projects in the workspace with the hardware platform specification changes.
15:13:44 INFO  : 
15:13:44 INFO  : Updating hardware inferred compiler options for mem_test.
15:13:45 INFO  : Clearing existing target manager status.
15:14:13 INFO  : Connected to target on host '127.0.0.1' and port '3121'.
15:14:14 INFO  : Jtag cable 'Digilent Zybo 210279A429B7A' is selected.
15:14:14 INFO  : 'jtag frequency' command is executed.
15:14:14 INFO  : Sourcing of 'E:/Soc/Lab3/xup/embedded/2015_2_zynq_labs/lab_1/lab_1.sdk/system_wrapper_hw_platform_0/ps7_init.tcl' is done.
15:14:15 INFO  : Context for 'APU' is selected.
15:14:15 INFO  : Hardware design information is loaded from 'E:/Soc/Lab3/xup/embedded/2015_2_zynq_labs/lab_1/lab_1.sdk/system_wrapper_hw_platform_0/system.hdf'.
15:14:15 INFO  : 'configparams force-mem-access 1' command is executed.
15:14:16 INFO  : Context for 'APU' is selected.
15:14:16 INFO  : 'stop' command is executed.
15:14:16 INFO  : 'ps7_init' command is executed.
15:14:16 INFO  : 'ps7_post_config' command is executed.
15:14:16 INFO  : 'configparams force-mem-access 0' command is executed.
15:14:16 INFO  : ----------------XSDB Script----------------
connect -url tcp:127.0.0.1:3121
source E:/Soc/Lab3/xup/embedded/2015_2_zynq_labs/lab_1/lab_1.sdk/system_wrapper_hw_platform_0/ps7_init.tcl
targets -set -nocase -filter {name =~"APU*" && jtag_cable_name =~ "Digilent Zybo 210279A429B7A"} -index 0
loadhw -hw E:/Soc/Lab3/xup/embedded/2015_2_zynq_labs/lab_1/lab_1.sdk/system_wrapper_hw_platform_0/system.hdf -mem-ranges [list {0x40000000 0xbfffffff}]
configparams force-mem-access 1
targets -set -nocase -filter {name =~"APU*" && jtag_cable_name =~ "Digilent Zybo 210279A429B7A"} -index 0
stop
ps7_init
ps7_post_config
configparams force-mem-access 0
----------------End of Script----------------

15:14:16 INFO  : Disconnected from the channel tcfchan#1.
15:18:33 INFO  : Connected to target on host '127.0.0.1' and port '3121'.
15:18:34 INFO  : Jtag cable 'Digilent Zybo 210279A429B7A' is selected.
15:18:34 INFO  : 'jtag frequency' command is executed.
15:18:34 INFO  : Sourcing of 'E:/Soc/Lab3/xup/embedded/2015_2_zynq_labs/lab_1/lab_1.sdk/system_wrapper_hw_platform_0/ps7_init.tcl' is done.
15:18:35 INFO  : Context for 'APU' is selected.
15:18:35 INFO  : Hardware design information is loaded from 'E:/Soc/Lab3/xup/embedded/2015_2_zynq_labs/lab_1/lab_1.sdk/system_wrapper_hw_platform_0/system.hdf'.
15:18:35 INFO  : 'configparams force-mem-access 1' command is executed.
15:18:35 INFO  : Context for 'APU' is selected.
15:18:35 INFO  : 'stop' command is executed.
15:18:36 INFO  : 'ps7_init' command is executed.
15:18:36 INFO  : 'ps7_post_config' command is executed.
15:18:37 INFO  : Context for processor 'ps7_cortexa9_0' is selected.
15:18:37 INFO  : Processor reset is completed for 'ps7_cortexa9_0'.
15:18:37 INFO  : Context for processor 'ps7_cortexa9_0' is selected.
15:18:37 INFO  : The application 'E:/Soc/Lab3/xup/embedded/2015_2_zynq_labs/lab_1/lab_1.sdk/mem_test/Debug/mem_test.elf' is downloaded to processor 'ps7_cortexa9_0'.
15:18:37 INFO  : 'configparams force-mem-access 0' command is executed.
15:18:37 INFO  : ----------------XSDB Script----------------
connect -url tcp:127.0.0.1:3121
source E:/Soc/Lab3/xup/embedded/2015_2_zynq_labs/lab_1/lab_1.sdk/system_wrapper_hw_platform_0/ps7_init.tcl
targets -set -nocase -filter {name =~"APU*" && jtag_cable_name =~ "Digilent Zybo 210279A429B7A"} -index 0
loadhw -hw E:/Soc/Lab3/xup/embedded/2015_2_zynq_labs/lab_1/lab_1.sdk/system_wrapper_hw_platform_0/system.hdf -mem-ranges [list {0x40000000 0xbfffffff}]
configparams force-mem-access 1
targets -set -nocase -filter {name =~"APU*" && jtag_cable_name =~ "Digilent Zybo 210279A429B7A"} -index 0
stop
ps7_init
ps7_post_config
targets -set -nocase -filter {name =~ "ARM*#0" && jtag_cable_name =~ "Digilent Zybo 210279A429B7A"} -index 0
rst -processor
targets -set -nocase -filter {name =~ "ARM*#0" && jtag_cable_name =~ "Digilent Zybo 210279A429B7A"} -index 0
dow E:/Soc/Lab3/xup/embedded/2015_2_zynq_labs/lab_1/lab_1.sdk/mem_test/Debug/mem_test.elf
configparams force-mem-access 0
----------------End of Script----------------

15:18:37 INFO  : Context for processor 'ps7_cortexa9_0' is selected.
15:18:37 INFO  : 'con' command is executed.
15:18:37 INFO  : ----------------XSDB Script (After Launch)----------------
targets -set -nocase -filter {name =~ "ARM*#0" && jtag_cable_name =~ "Digilent Zybo 210279A429B7A"} -index 0
con
----------------End of Script----------------

15:18:37 INFO  : Disconnected from the channel tcfchan#2.
15:19:08 INFO  : Connected to target on host '127.0.0.1' and port '3121'.
15:19:08 INFO  : Jtag cable 'Digilent Zybo 210279A429B7A' is selected.
15:19:08 INFO  : 'jtag frequency' command is executed.
15:19:08 INFO  : Sourcing of 'E:/Soc/Lab3/xup/embedded/2015_2_zynq_labs/lab_1/lab_1.sdk/system_wrapper_hw_platform_0/ps7_init.tcl' is done.
15:19:08 INFO  : Context for 'APU' is selected.
15:19:08 INFO  : Hardware design information is loaded from 'E:/Soc/Lab3/xup/embedded/2015_2_zynq_labs/lab_1/lab_1.sdk/system_wrapper_hw_platform_0/system.hdf'.
15:19:08 INFO  : 'configparams force-mem-access 1' command is executed.
15:19:08 INFO  : Context for 'APU' is selected.
15:19:08 INFO  : 'stop' command is executed.
15:19:09 INFO  : 'ps7_init' command is executed.
15:19:09 INFO  : 'ps7_post_config' command is executed.
15:19:09 INFO  : Context for processor 'ps7_cortexa9_0' is selected.
15:19:09 INFO  : Processor reset is completed for 'ps7_cortexa9_0'.
15:19:09 INFO  : Context for processor 'ps7_cortexa9_0' is selected.
15:19:09 INFO  : The application 'E:/Soc/Lab3/xup/embedded/2015_2_zynq_labs/lab_1/lab_1.sdk/mem_test/Debug/mem_test.elf' is downloaded to processor 'ps7_cortexa9_0'.
15:19:09 INFO  : 'configparams force-mem-access 0' command is executed.
15:19:09 INFO  : ----------------XSDB Script----------------
connect -url tcp:127.0.0.1:3121
source E:/Soc/Lab3/xup/embedded/2015_2_zynq_labs/lab_1/lab_1.sdk/system_wrapper_hw_platform_0/ps7_init.tcl
targets -set -nocase -filter {name =~"APU*" && jtag_cable_name =~ "Digilent Zybo 210279A429B7A"} -index 0
loadhw -hw E:/Soc/Lab3/xup/embedded/2015_2_zynq_labs/lab_1/lab_1.sdk/system_wrapper_hw_platform_0/system.hdf -mem-ranges [list {0x40000000 0xbfffffff}]
configparams force-mem-access 1
targets -set -nocase -filter {name =~"APU*" && jtag_cable_name =~ "Digilent Zybo 210279A429B7A"} -index 0
stop
ps7_init
ps7_post_config
targets -set -nocase -filter {name =~ "ARM*#0" && jtag_cable_name =~ "Digilent Zybo 210279A429B7A"} -index 0
rst -processor
targets -set -nocase -filter {name =~ "ARM*#0" && jtag_cable_name =~ "Digilent Zybo 210279A429B7A"} -index 0
dow E:/Soc/Lab3/xup/embedded/2015_2_zynq_labs/lab_1/lab_1.sdk/mem_test/Debug/mem_test.elf
configparams force-mem-access 0
----------------End of Script----------------

15:19:09 INFO  : Context for processor 'ps7_cortexa9_0' is selected.
15:19:09 INFO  : 'con' command is executed.
15:19:09 INFO  : ----------------XSDB Script (After Launch)----------------
targets -set -nocase -filter {name =~ "ARM*#0" && jtag_cable_name =~ "Digilent Zybo 210279A429B7A"} -index 0
con
----------------End of Script----------------

15:19:09 INFO  : Disconnected from the channel tcfchan#3.
