Unable to capture context for thread 2020 in process 9940, can not generate back trace
Exception at PC 0x00007FFC6CDDBB93
Printing stacktrace...

Unable to capture context for thread 2020 in process 9940, can not generate back trace
Exception at PC 0x00007FFD0A694ED9
Exception at PC 0x00007FFD0A694ED9
Exception at PC 0x00007FFD0A694ED9
Exception at PC 0x00007FFD0A694ED9
Exception at PC 0x00007FFD0A694ED9
Exception at PC 0x00007FFD0A694ED9
Exception at PC 0x00007FFD0A694ED9
Exception at PC 0x00007FFD0A694ED9
Exception at PC 0x00007FFD0A694ED9
Exception at PC 0x00007FFD0A694ED9
Exception at PC 0x00007FFD0A694ED9
Exception at PC 0x00007FFD0A694ED9
Exception at PC 0x00007FFD0A694ED9
Exception at PC 0x00007FFD0A694ED9
[0]  [0x00007FFC6CDDBB93]
[1]  [0x00007FFC6CDDBB93]
[2]  [0x00007FFC6CDDB4A1]
[3]  [0x00007FFC6CDDB3EF]
[4]  [0x00007FFC6CDC19FE]
[5]  [0x00007FFC6CDC0ED1]
[6]  [0x00007FFC6CDC0D76]
[7]  [0x00007FFC6CD679F6]
[8]  [0x00007FFC6CD57AFB]
[9]  [0x00007FFC6CE7E90A]
[10]  [0x00007FFC6CE99F87]
[11]  [0x00007FFC6CE9A05F]
[12] (BaseThreadInitThunk+0x14) [0x00007FFD0AD47034]
[13] (RtlUserThreadStart+0x21) [0x00007FFD0C9C2651]
Done
Exception at PC 0x00007FFD0A694ED9
Exception at PC 0x00007FFD0A694ED9
Exception at PC 0x00007FFD0A694ED9
Exception at PC 0x00007FFD0A694ED9
