Unable to capture context for thread 13484 in process 19316, can not generate back trace
Unable to capture context for thread 8960 in process 19316, can not generate back trace
Unable to capture context for thread 22616 in process 19316, can not generate back trace
Unable to capture context for thread 9192 in process 19316, can not generate back trace
Unable to capture context for thread 23116 in process 19316, can not generate back trace
Unable to capture context for thread 15572 in process 19316, can not generate back trace
Exception at PC 0x00007FFB9789BB93
Printing stacktrace...

Unable to capture context for thread 9192 in process 19316, can not generate back trace
Exception at PC 0x00007FFC29664ED9
Exception at PC 0x00007FFC29664ED9
Exception at PC 0x00007FFC29664ED9
Exception at PC 0x00007FFC29664ED9
Exception at PC 0x00007FFC29664ED9
Exception at PC 0x00007FFC29664ED9
Exception at PC 0x00007FFC29664ED9
[0]  [0x00007FFB9789BB93]
[1]  [0x00007FFB9789BB93]
[2]  [0x00007FFB9789B4A1]
[3]  [0x00007FFB9789B459]
[4]  [0x00007FFB978819FE]
[5]  [0x00007FFB97880ED1]
[6]  [0x00007FFB97880D76]
[7]  [0x00007FFB978279F6]
[8]  [0x00007FFB97817AFB]
[9]  [0x00007FFB9793E90A]
[10]  [0x00007FFB97959F87]
[11]  [0x00007FFB9795A05F]
[12] (BaseThreadInitThunk+0x14) [0x00007FFC29DB7034]
[13] (RtlUserThreadStart+0x21) [0x00007FFC2BD62651]
Done
Exception at PC 0x00007FFC29664ED9
Exception at PC 0x00007FFC29664ED9
Exception at PC 0x00007FFC29664ED9
Exception at PC 0x00007FFC29664ED9
Exception at PC 0x00007FFC29664ED9
Exception at PC 0x00007FFC29664ED9
Exception at PC 0x00007FFC29664ED9
Exception at PC 0x00007FFC29664ED9
Exception at PC 0x00007FFC29664ED9
Exception at PC 0x00007FFC29664ED9
